{"D:\\Tazama\\tazama-relay-service\\nats-relay-plugin\\src\\service\\natsRelayPlugin.ts": {"path":"D:\\Tazama\\tazama-relay-service\\nats-relay-plugin\\src\\service\\natsRelayPlugin.ts","all":false,"statementMap":{"0":{"start":{"line":1,"column":0},"end":{"line":1,"column":38}},"1":{"start":{"line":2,"column":0},"end":{"line":2,"column":52}},"2":{"start":{"line":3,"column":0},"end":{"line":3,"column":79}},"3":{"start":{"line":4,"column":0},"end":{"line":4,"column":71}},"4":{"start":{"line":5,"column":0},"end":{"line":5,"column":61}},"5":{"start":{"line":6,"column":0},"end":{"line":6,"column":68}},"6":{"start":{"line":7,"column":0},"end":{"line":7,"column":20}},"7":{"start":{"line":8,"column":0},"end":{"line":8,"column":94}},"8":{"start":{"line":9,"column":0},"end":{"line":9,"column":0}},"9":{"start":{"line":10,"column":0},"end":{"line":10,"column":66}},"10":{"start":{"line":11,"column":0},"end":{"line":11,"column":42}},"11":{"start":{"line":12,"column":0},"end":{"line":12,"column":48}},"12":{"start":{"line":13,"column":0},"end":{"line":13,"column":28}},"13":{"start":{"line":14,"column":0},"end":{"line":14,"column":48}},"14":{"start":{"line":15,"column":0},"end":{"line":15,"column":0}},"15":{"start":{"line":16,"column":0},"end":{"line":16,"column":55}},"16":{"start":{"line":17,"column":0},"end":{"line":17,"column":39}},"17":{"start":{"line":18,"column":0},"end":{"line":18,"column":19}},"18":{"start":{"line":19,"column":0},"end":{"line":19,"column":98}},"19":{"start":{"line":20,"column":0},"end":{"line":20,"column":3}},"20":{"start":{"line":21,"column":0},"end":{"line":21,"column":0}},"21":{"start":{"line":22,"column":0},"end":{"line":22,"column":31}},"22":{"start":{"line":23,"column":0},"end":{"line":23,"column":9}},"23":{"start":{"line":24,"column":0},"end":{"line":24,"column":132}},"24":{"start":{"line":25,"column":0},"end":{"line":25,"column":83}},"25":{"start":{"line":26,"column":0},"end":{"line":26,"column":28}},"26":{"start":{"line":27,"column":0},"end":{"line":27,"column":71}},"27":{"start":{"line":28,"column":0},"end":{"line":28,"column":10}},"28":{"start":{"line":29,"column":0},"end":{"line":29,"column":45}},"29":{"start":{"line":30,"column":0},"end":{"line":30,"column":64}},"30":{"start":{"line":31,"column":0},"end":{"line":31,"column":26}},"31":{"start":{"line":32,"column":0},"end":{"line":32,"column":11}},"32":{"start":{"line":33,"column":0},"end":{"line":33,"column":14}},"33":{"start":{"line":34,"column":0},"end":{"line":34,"column":45}},"34":{"start":{"line":35,"column":0},"end":{"line":35,"column":64}},"35":{"start":{"line":36,"column":0},"end":{"line":36,"column":11}},"36":{"start":{"line":37,"column":0},"end":{"line":37,"column":7}},"37":{"start":{"line":38,"column":0},"end":{"line":38,"column":83}},"38":{"start":{"line":39,"column":0},"end":{"line":39,"column":21}},"39":{"start":{"line":40,"column":0},"end":{"line":40,"column":137}},"40":{"start":{"line":41,"column":0},"end":{"line":41,"column":5}},"41":{"start":{"line":42,"column":0},"end":{"line":42,"column":3}},"42":{"start":{"line":43,"column":0},"end":{"line":43,"column":0}},"43":{"start":{"line":44,"column":0},"end":{"line":44,"column":57}},"44":{"start":{"line":45,"column":0},"end":{"line":45,"column":30}},"45":{"start":{"line":46,"column":0},"end":{"line":46,"column":9}},"46":{"start":{"line":47,"column":0},"end":{"line":47,"column":71}},"47":{"start":{"line":48,"column":0},"end":{"line":48,"column":47}},"48":{"start":{"line":49,"column":0},"end":{"line":49,"column":76}},"49":{"start":{"line":50,"column":0},"end":{"line":50,"column":0}},"50":{"start":{"line":51,"column":0},"end":{"line":51,"column":51}},"51":{"start":{"line":52,"column":0},"end":{"line":52,"column":34}},"52":{"start":{"line":53,"column":0},"end":{"line":53,"column":23}},"53":{"start":{"line":54,"column":0},"end":{"line":54,"column":44}},"54":{"start":{"line":55,"column":0},"end":{"line":55,"column":23}},"55":{"start":{"line":56,"column":0},"end":{"line":56,"column":14}},"56":{"start":{"line":57,"column":0},"end":{"line":57,"column":39}},"57":{"start":{"line":58,"column":0},"end":{"line":58,"column":7}},"58":{"start":{"line":59,"column":0},"end":{"line":59,"column":0}},"59":{"start":{"line":60,"column":0},"end":{"line":60,"column":80}},"60":{"start":{"line":61,"column":0},"end":{"line":61,"column":0}},"61":{"start":{"line":62,"column":0},"end":{"line":62,"column":18}},"62":{"start":{"line":63,"column":0},"end":{"line":63,"column":21}},"63":{"start":{"line":64,"column":0},"end":{"line":64,"column":140}},"64":{"start":{"line":65,"column":0},"end":{"line":65,"column":15}},"65":{"start":{"line":66,"column":0},"end":{"line":66,"column":28}},"66":{"start":{"line":67,"column":0},"end":{"line":67,"column":5}},"67":{"start":{"line":68,"column":0},"end":{"line":68,"column":3}},"68":{"start":{"line":69,"column":0},"end":{"line":69,"column":1}}},"s":{"0":1,"1":1,"2":1,"3":1,"4":1,"5":1,"6":1,"7":1,"8":1,"9":8,"10":8,"11":8,"12":8,"13":8,"14":8,"15":8,"16":8,"17":8,"18":8,"19":8,"20":8,"21":8,"22":7,"23":7,"24":7,"25":1,"26":1,"27":1,"28":1,"29":1,"30":1,"31":1,"32":7,"33":6,"34":6,"35":6,"36":5,"37":7,"38":7,"39":1,"40":1,"41":7,"42":8,"43":8,"44":4,"45":4,"46":4,"47":4,"48":4,"49":4,"50":4,"51":4,"52":1,"53":4,"54":2,"55":3,"56":1,"57":1,"58":4,"59":4,"60":4,"61":4,"62":4,"63":1,"64":4,"65":4,"66":4,"67":4,"68":8},"branchMap":{"0":{"type":"branch","line":10,"loc":{"start":{"line":10,"column":0},"end":{"line":69,"column":1}},"locations":[{"start":{"line":10,"column":0},"end":{"line":69,"column":1}}]},"1":{"type":"branch","line":16,"loc":{"start":{"line":16,"column":2},"end":{"line":20,"column":3}},"locations":[{"start":{"line":16,"column":2},"end":{"line":20,"column":3}}]},"2":{"type":"branch","line":22,"loc":{"start":{"line":22,"column":2},"end":{"line":42,"column":3}},"locations":[{"start":{"line":22,"column":2},"end":{"line":42,"column":3}}]},"3":{"type":"branch","line":25,"loc":{"start":{"line":25,"column":46},"end":{"line":25,"column":80}},"locations":[{"start":{"line":25,"column":46},"end":{"line":25,"column":80}}]},"4":{"type":"branch","line":25,"loc":{"start":{"line":25,"column":82},"end":{"line":33,"column":7}},"locations":[{"start":{"line":25,"column":82},"end":{"line":33,"column":7}}]},"5":{"type":"branch","line":33,"loc":{"start":{"line":33,"column":7},"end":{"line":38,"column":29}},"locations":[{"start":{"line":33,"column":7},"end":{"line":38,"column":29}}]},"6":{"type":"branch","line":37,"loc":{"start":{"line":37,"column":-1},"end":{"line":37,"column":7}},"locations":[{"start":{"line":37,"column":-1},"end":{"line":37,"column":7}}]},"7":{"type":"branch","line":39,"loc":{"start":{"line":39,"column":6},"end":{"line":41,"column":5}},"locations":[{"start":{"line":39,"column":6},"end":{"line":41,"column":5}}]},"8":{"type":"branch","line":40,"loc":{"start":{"line":40,"column":95},"end":{"line":40,"column":101}},"locations":[{"start":{"line":40,"column":95},"end":{"line":40,"column":101}}]},"9":{"type":"branch","line":44,"loc":{"start":{"line":44,"column":2},"end":{"line":68,"column":3}},"locations":[{"start":{"line":44,"column":2},"end":{"line":68,"column":3}}]},"10":{"type":"branch","line":52,"loc":{"start":{"line":52,"column":33},"end":{"line":54,"column":7}},"locations":[{"start":{"line":52,"column":33},"end":{"line":54,"column":7}}]},"11":{"type":"branch","line":54,"loc":{"start":{"line":54,"column":7},"end":{"line":58,"column":7}},"locations":[{"start":{"line":54,"column":7},"end":{"line":58,"column":7}}]},"12":{"type":"branch","line":54,"loc":{"start":{"line":54,"column":43},"end":{"line":56,"column":7}},"locations":[{"start":{"line":54,"column":43},"end":{"line":56,"column":7}}]},"13":{"type":"branch","line":56,"loc":{"start":{"line":56,"column":7},"end":{"line":58,"column":7}},"locations":[{"start":{"line":56,"column":7},"end":{"line":58,"column":7}}]},"14":{"type":"branch","line":62,"loc":{"start":{"line":62,"column":10},"end":{"line":62,"column":15}},"locations":[{"start":{"line":62,"column":10},"end":{"line":62,"column":15}}]},"15":{"type":"branch","line":63,"loc":{"start":{"line":63,"column":6},"end":{"line":65,"column":5}},"locations":[{"start":{"line":63,"column":6},"end":{"line":65,"column":5}}]}},"b":{"0":[8],"1":[8],"2":[7],"3":[1],"4":[1],"5":[6],"6":[5],"7":[1],"8":[0],"9":[4],"10":[1],"11":[3],"12":[2],"13":[1],"14":[3],"15":[1]},"fnMap":{"0":{"name":"<instance_members_initializer>","decl":{"start":{"line":10,"column":0},"end":{"line":69,"column":1}},"loc":{"start":{"line":10,"column":0},"end":{"line":69,"column":1}},"line":10},"1":{"name":"NatsRelayPlugin","decl":{"start":{"line":16,"column":2},"end":{"line":20,"column":3}},"loc":{"start":{"line":16,"column":2},"end":{"line":20,"column":3}},"line":16},"2":{"name":"init","decl":{"start":{"line":22,"column":2},"end":{"line":42,"column":3}},"loc":{"start":{"line":22,"column":2},"end":{"line":42,"column":3}},"line":22},"3":{"name":"relay","decl":{"start":{"line":44,"column":2},"end":{"line":68,"column":3}},"loc":{"start":{"line":44,"column":2},"end":{"line":68,"column":3}},"line":44}},"f":{"0":8,"1":8,"2":7,"3":4}}
}
