TN:
SF:src\service\natsRelayPlugin.ts
FN:10,<instance_members_initializer>
FN:16,NatsRelayPlugin
FN:22,init
FN:44,relay
FNF:4
FNH:4
FNDA:8,<instance_members_initializer>
FNDA:8,NatsRelayPlugin
FNDA:7,init
FNDA:4,relay
DA:1,1
DA:2,1
DA:3,1
DA:4,1
DA:5,1
DA:6,1
DA:7,1
DA:8,1
DA:9,1
DA:10,8
DA:11,8
DA:12,8
DA:13,8
DA:14,8
DA:15,8
DA:16,8
DA:17,8
DA:18,8
DA:19,8
DA:20,8
DA:21,8
DA:22,8
DA:23,7
DA:24,7
DA:25,7
DA:26,1
DA:27,1
DA:28,1
DA:29,1
DA:30,1
DA:31,1
DA:32,1
DA:33,7
DA:34,6
DA:35,6
DA:36,6
DA:37,5
DA:38,7
DA:39,7
DA:40,1
DA:41,1
DA:42,7
DA:43,8
DA:44,8
DA:45,4
DA:46,4
DA:47,4
DA:48,4
DA:49,4
DA:50,4
DA:51,4
DA:52,4
DA:53,1
DA:54,4
DA:55,2
DA:56,3
DA:57,1
DA:58,1
DA:59,4
DA:60,4
DA:61,4
DA:62,4
DA:63,4
DA:64,1
DA:65,4
DA:66,4
DA:67,4
DA:68,4
DA:69,8
LF:69
LH:69
BRDA:10,0,0,8
BRDA:16,1,0,8
BRDA:22,2,0,7
BRDA:25,3,0,1
BRDA:25,4,0,1
BRDA:33,5,0,6
BRDA:37,6,0,5
BRDA:39,7,0,1
BRDA:40,8,0,0
BRDA:44,9,0,4
BRDA:52,10,0,1
BRDA:54,11,0,3
BRDA:54,12,0,2
BRDA:56,13,0,1
BRDA:62,14,0,3
BRDA:63,15,0,1
BRF:16
BRH:15
end_of_record
